[13:22:18] Using gulpfile ~/Documents/05 Freelance/08_Zlatar/zlatar_css/Zlatar/gulpfile.js
[13:22:18] Starting 'default'...
[13:22:18] Starting 'clean'...
[13:22:18] Finished 'clean' after 61 ms
[13:22:18] Starting 'copy:html'...
[13:22:18] Starting 'copy:favicon'...
[13:22:18] Starting 'copy:fonts'...
[13:22:18] Starting 'copy:images'...
[13:22:18] Starting 'copy:icons'...
[13:22:18] Starting 'copy:css'...
[13:22:18] Starting 'copy:assets'...
[13:22:18] Starting 'styles'...
[13:22:18] Starting 'icons'...
[13:22:18] Starting 'scripts'...
[13:22:18] Finished 'copy:assets' after 148 ms
[13:22:18] Finished 'copy:css' after 240 ms
[13:22:18] Finished 'copy:favicon' after 245 ms
[13:22:18] Finished 'copy:icons' after 266 ms
[13:22:18] Finished 'styles' after 611 ms
[13:22:18] Finished 'copy:html' after 643 ms
[13:22:21] Finished 'scripts' after 3.43 s
[13:22:21] Finished 'copy:fonts' after 3.46 s
[13:22:21] Finished 'copy:images' after 3.48 s
[13:22:22] Finished 'icons' after 4.81 s
[13:22:22] Starting 'watch'...
[13:22:22] Starting 'server'...
[Browsersync] Access URLs:
 ------------------------------------
       Local: http://localhost:3000
    External: http://192.168.1.3:3000
 ------------------------------------
          UI: http://localhost:3001
 UI External: http://localhost:3001
 ------------------------------------
[Browsersync] Serving files from: ./dist/
